  Application.cpp
  Game.cpp
d:\battletank\game.cpp(123): warning C4316: "TankTrackGC": объект, размещенный в куче, может не быть выровнен 16
d:\battletank\game.cpp(145): warning C4316: "PlayerTank": объект, размещенный в куче, может не быть выровнен 16
  GameObject.cpp
  Grafics2D.cpp
  GraficsComponent.cpp
  InputComponent.cpp
  main.cpp
  MainApplicationWindow.cpp
  PhysicsComponent.cpp
  PlayerTankInputComponent.cpp
  Sound.cpp
  SoundEngine.cpp
  SoundFactory.cpp
  TankGraficsComponent.cpp
d:\battletank\tankgraficscomponent.cpp(63): warning C4244: return: преобразование "float" в "int", возможна потеря данных
d:\battletank\tankgraficscomponent.cpp(68): warning C4244: return: преобразование "float" в "int", возможна потеря данных
  PlayerTank.cpp
d:\battletank\playertank.cpp(17): warning C4244: аргумент: преобразование "int" в "float", возможна потеря данных
d:\battletank\playertank.cpp(139): warning C4244: аргумент: преобразование "int" в "float", возможна потеря данных
d:\battletank\playertank.cpp(158): warning C4244: аргумент: преобразование "time_t" в "unsigned int", возможна потеря данных
  SpriteSheet.cpp
  TankSmoke.cpp
  TankTrackGC.cpp
d:\battletank\tanktrackgc.cpp(46): warning C4244: return: преобразование "float" в "int", возможна потеря данных
d:\battletank\tanktrackgc.cpp(52): warning C4316: "TankTrackGC": объект, размещенный в куче, может не быть выровнен 16
  TargetPointer.cpp
d:\battletank\targetpointer.cpp(38): warning C4244: =: преобразование "LONG" в "FLOAT", возможна потеря данных
d:\battletank\targetpointer.cpp(39): warning C4244: =: преобразование "LONG" в "FLOAT", возможна потеря данных
  Wall.cpp
  Создание кода...
  Компиляция...
  WallBlock.cpp
  WallBlockGraficsComponent.cpp
  Window.cpp
  World.cpp
  Создание кода...
  BattleTank.vcxproj -> D:\BattleTank\Debug\BattleTank.exe
