d:\mygames\battletank\debug\battletank.bsc
d:\mygames\battletank\battletank\debug\vc120.pdb
d:\mygames\battletank\battletank\debug\vc120.idb
d:\mygames\battletank\battletank\debug\application.obj
d:\mygames\battletank\battletank\debug\main.obj
d:\mygames\battletank\battletank\debug\window.obj
d:\mygames\battletank\battletank\debug\application.sbr
d:\mygames\battletank\battletank\debug\mainapplicationwindow.obj
d:\mygames\battletank\battletank\debug\game.obj
d:\mygames\battletank\battletank\debug\grafics2d.obj
d:\mygames\battletank\battletank\debug\spritesheet.obj
d:\mygames\battletank\battletank\debug\entity.obj
d:\mygames\battletank\battletank\debug\bullet.obj
d:\mygames\battletank\battletank\debug\dynamicentity.obj
d:\mygames\battletank\battletank\debug\enemybullet.obj
d:\mygames\battletank\battletank\debug\enemytank.obj
d:\mygames\battletank\battletank\debug\playerbullet.obj
d:\mygames\battletank\battletank\debug\staticentity.obj
d:\mygames\battletank\battletank\debug\wallblock.obj
d:\mygames\battletank\battletank\debug\playertank.obj
d:\mygames\battletank\battletank\debug\inputcomponent.obj
d:\mygames\battletank\battletank\debug\playertank.sbr
d:\mygames\battletank\battletank\debug\graficscomponent.obj
d:\mygames\battletank\battletank\debug\gameobject.obj
d:\mygames\battletank\battletank\debug\world.obj
d:\mygames\battletank\battletank\debug\physicscomponent.obj
d:\mygames\battletank\battletank\debug\playergraficscomponent.obj
d:\mygames\battletank\battletank\debug\playertankinputcomponent.obj
d:\mygames\battletank\battletank\debug\tankgraficscomponent.obj
d:\mygames\battletank\battletank\debug\tankgraficscomponent.sbr
d:\mygames\battletank\battletank\debug\playertankinputcomponent.sbr
d:\mygames\battletank\battletank\debug\world.sbr
d:\mygames\battletank\battletank\debug\window.sbr
d:\mygames\battletank\battletank\debug\spritesheet.sbr
d:\mygames\battletank\battletank\debug\physicscomponent.sbr
d:\mygames\battletank\battletank\debug\mainapplicationwindow.sbr
d:\mygames\battletank\battletank\debug\main.sbr
d:\mygames\battletank\battletank\debug\inputcomponent.sbr
d:\mygames\battletank\battletank\debug\graficscomponent.sbr
d:\mygames\battletank\battletank\debug\grafics2d.sbr
d:\mygames\battletank\battletank\debug\gameobject.sbr
d:\mygames\battletank\battletank\debug\game.sbr
d:\mygames\battletank\debug\battletank.ilk
d:\mygames\battletank\debug\battletank.exe
d:\mygames\battletank\debug\battletank.pdb
d:\mygames\battletank\battletank\debug\battletank.tlog\bscmake.command.1.tlog
d:\mygames\battletank\battletank\debug\battletank.tlog\bscmake.read.1.tlog
d:\mygames\battletank\battletank\debug\battletank.tlog\bscmake.write.1.tlog
d:\mygames\battletank\battletank\debug\battletank.tlog\cl.command.1.tlog
d:\mygames\battletank\battletank\debug\battletank.tlog\cl.read.1.tlog
d:\mygames\battletank\battletank\debug\battletank.tlog\cl.write.1.tlog
d:\mygames\battletank\battletank\debug\battletank.tlog\link.command.1.tlog
d:\mygames\battletank\battletank\debug\battletank.tlog\link.read.1.tlog
d:\mygames\battletank\battletank\debug\battletank.tlog\link.write.1.tlog
